c:\users\bradd\documents\serverapplication\serverapplication\debug\vc140.pdb
c:\users\bradd\documents\serverapplication\serverapplication\debug\vc140.idb
c:\users\bradd\documents\serverapplication\serverapplication\debug\broadcastlocation.obj
c:\users\bradd\documents\serverapplication\serverapplication\debug\logger.obj
c:\users\bradd\documents\serverapplication\serverapplication\debug\main_server.obj
c:\users\bradd\documents\serverapplication\serverapplication\debug\tcpconnections.obj
c:\users\bradd\documents\serverapplication\serverapplication\debug\tcpprocess.obj
c:\users\bradd\documents\serverapplication\serverapplication\debug\udpconnections.obj
c:\users\bradd\documents\serverapplication\serverapplication\debug\usercontrol.obj
c:\users\bradd\documents\serverapplication\serverapplication\debug\packetprocessing.obj
c:\users\bradd\documents\serverapplication\serverapplication\debug\serverclass.obj
c:\users\bradd\documents\serverapplication\serverapplication\debug\packetprocessing.obj.enc
c:\users\bradd\documents\serverapplication\serverapplication\debug\serverclass.obj.enc
c:\users\bradd\documents\serverapplication\serverapplication\debug\tcpconnections.obj.enc
c:\users\bradd\documents\serverapplication\serverapplication\debug\udpconnections.obj.enc
c:\users\bradd\documents\serverapplication\debug\serverapplication.pdb
c:\users\bradd\documents\serverapplication\serverapplication\debug\serverap.81acd226.tlog\cl.command.1.tlog
c:\users\bradd\documents\serverapplication\serverapplication\debug\serverap.81acd226.tlog\cl.read.1.tlog
c:\users\bradd\documents\serverapplication\serverapplication\debug\serverap.81acd226.tlog\cl.write.1.tlog
c:\users\bradd\documents\serverapplication\serverapplication\debug\serverap.81acd226.tlog\link.3532-cvtres.read.1.tlog
c:\users\bradd\documents\serverapplication\serverapplication\debug\serverap.81acd226.tlog\link.3532-cvtres.write.1.tlog
c:\users\bradd\documents\serverapplication\serverapplication\debug\serverap.81acd226.tlog\link.3532-rc.read.1.tlog
c:\users\bradd\documents\serverapplication\serverapplication\debug\serverap.81acd226.tlog\link.3532-rc.write.1.tlog
c:\users\bradd\documents\serverapplication\serverapplication\debug\serverap.81acd226.tlog\link.3532.read.1.tlog
c:\users\bradd\documents\serverapplication\serverapplication\debug\serverap.81acd226.tlog\link.3532.write.1.tlog
c:\users\bradd\documents\serverapplication\serverapplication\debug\serverap.81acd226.tlog\link.command.1.tlog
c:\users\bradd\documents\serverapplication\serverapplication\debug\serverap.81acd226.tlog\link.read.1.tlog
c:\users\bradd\documents\serverapplication\serverapplication\debug\serverap.81acd226.tlog\link.write.1.tlog
